BindDemo/app/build/intermediates/manifest_merge_blame_file/debug/manifest-merger-blame-debug-report.txt
1<?xml version="1.0" encoding="utf-8"?>
2<manifest xmlns:android="http://schemas.android.com/apk/res/android"
3    package="edu.dartmouth.cs.binddemo"
4    android:versionCode="1"
5    android:versionName="1.0" >
6
7    <uses-sdk
8        android:minSdkVersion="23"
8-->src\main\AndroidManifest.xml
9        android:targetSdkVersion="28" />
9-->src\main\AndroidManifest.xml
10
11    <application
11-->src\main\AndroidManifest.xml:7:5-24:19
12        android:appComponentFactory="android.support.v4.app.CoreComponentFactory"
12-->[com.android.support:support-compat:28.0.0] AndroidManifest.xml:22:18-91
13        android:debuggable="true"
14        android:extractNativeLibs="false"
15        android:icon="@drawable/ic_launcher"
15-->src\main\AndroidManifest.xml:8:9-45
16        android:label="@string/app_name"
16-->src\main\AndroidManifest.xml:9:9-41
17        android:testOnly="true"
18        android:theme="@style/AppTheme" >
18-->src\main\AndroidManifest.xml:10:9-40
19        <activity
19-->src\main\AndroidManifest.xml:11:9-21:20
20            android:name="edu.dartmouth.cs.binddemo.MainActivity"
20-->src\main\AndroidManifest.xml:12:13-66
21            android:label="@string/app_name"
21-->src\main\AndroidManifest.xml:14:13-45
22            android:launchMode="singleTop" >
22-->src\main\AndroidManifest.xml:13:13-43
23            <intent-filter>
23-->src\main\AndroidManifest.xml:15:13-20:29
24                <action android:name="android.intent.action.MAIN" />
24-->src\main\AndroidManifest.xml:16:17-69
24-->src\main\AndroidManifest.xml:16:25-66
25                <action android:name="android.intent.action.VIEW" />
25-->src\main\AndroidManifest.xml:17:17-69
25-->src\main\AndroidManifest.xml:17:25-66
26
27                <category android:name="android.intent.category.LAUNCHER" />
27-->src\main\AndroidManifest.xml:19:17-77
27-->src\main\AndroidManifest.xml:19:27-74
28            </intent-filter>
29        </activity>
30
31        <service android:name="edu.dartmouth.cs.binddemo.MyService" />
31-->src\main\AndroidManifest.xml:23:9-45
31-->src\main\AndroidManifest.xml:23:18-42
32    </application>
33
34</manifest>